<?xml version="1.0" encoding="UTF-8"?>
<!-- Generated by org.testng.reporters.JUnitReportReporter -->
<testsuite hostname="Z3GAVSP2PU0052" failures="0" tests="13" name="driver.Driver" time="173.468" errors="0" timestamp="2020-12-22T14:11:52 IST" skipped="12">
  <testcase classname="driver.Driver" name="executeTestcase" time="0.045">
    <skipped/>
  </testcase> <!-- executeTestcase -->
  <system-out/>
  <testcase classname="driver.Driver" name="executeTestcase" time="0.062">
    <skipped/>
  </testcase> <!-- executeTestcase -->
  <system-out/>
  <testcase classname="driver.Driver" name="executeTestcase" time="0.045">
    <skipped/>
  </testcase> <!-- executeTestcase -->
  <system-out/>
  <testcase classname="driver.Driver" name="executeTestcase" time="0.064">
    <skipped/>
  </testcase> <!-- executeTestcase -->
  <system-out/>
  <testcase classname="driver.Driver" name="executeTestcase" time="172.655"/>
  <system-out/>
  <testcase classname="driver.Driver" name="executeTestcase" time="0.055">
    <skipped/>
  </testcase> <!-- executeTestcase -->
  <system-out/>
  <testcase classname="driver.Driver" name="executeTestcase" time="0.044">
    <skipped/>
  </testcase> <!-- executeTestcase -->
  <system-out/>
  <testcase classname="driver.Driver" name="executeTestcase" time="0.050">
    <skipped/>
  </testcase> <!-- executeTestcase -->
  <system-out/>
  <testcase classname="driver.Driver" name="executeTestcase" time="0.053">
    <skipped/>
  </testcase> <!-- executeTestcase -->
  <system-out/>
  <testcase classname="driver.Driver" name="executeTestcase" time="0.049">
    <skipped/>
  </testcase> <!-- executeTestcase -->
  <system-out/>
  <testcase classname="driver.Driver" name="executeTestcase" time="0.039">
    <skipped/>
  </testcase> <!-- executeTestcase -->
  <system-out/>
  <testcase classname="driver.Driver" name="executeTestcase" time="0.244">
    <skipped/>
  </testcase> <!-- executeTestcase -->
  <system-out/>
  <testcase classname="driver.Driver" name="executeTestcase" time="0.063">
    <skipped/>
  </testcase> <!-- executeTestcase -->
  <system-out/>
</testsuite> <!-- driver.Driver -->
