<?xml version="1.0" encoding="UTF-8"?>
<!-- Generated by org.testng.reporters.JUnitReportReporter -->
<testsuite skipped="0" hostname="Z3P3PUGAVS0027" name="testcases.Member.TestCase_1152" tests="1" failures="0" timestamp="18 Nov 2020 10:23:03 GMT" time="60.452" errors="0">
  <testcase name="createMemberTP" time="60.452" classname="testcases.Member.TestCase_1152"/>
</testsuite> <!-- testcases.Member.TestCase_1152 -->
