<?xml version="1.0" encoding="UTF-8"?>
<!-- Generated by org.testng.reporters.JUnitReportReporter -->
<testsuite skipped="0" hostname="Z3P3PUGAVS0027" name="testcases.Member.TestCase_5475" tests="1" failures="0" timestamp="17 Nov 2020 14:39:21 GMT" time="115.227" errors="0">
  <testcase name="createMemberTP" time="115.227" classname="testcases.Member.TestCase_5475"/>
</testsuite> <!-- testcases.Member.TestCase_5475 -->
