<?xml version="1.0" encoding="UTF-8"?>
<!-- Generated by org.testng.reporters.JUnitReportReporter -->
<testsuite hostname="Z3P4PUGAVS0029" failures="0" tests="40" name="driver.Driver" time="90.928" errors="0" timestamp="2021-02-11T00:50:45 IST" skipped="39">
  <testcase classname="driver.Driver" name="executeTestcase" time="0.060">
    <skipped/>
  </testcase> <!-- executeTestcase -->
  <system-out/>
  <testcase classname="driver.Driver" name="executeTestcase" time="0.057">
    <skipped/>
  </testcase> <!-- executeTestcase -->
  <system-out/>
  <testcase classname="driver.Driver" name="executeTestcase" time="0.089">
    <skipped/>
  </testcase> <!-- executeTestcase -->
  <system-out/>
  <testcase classname="driver.Driver" name="executeTestcase" time="0.057">
    <skipped/>
  </testcase> <!-- executeTestcase -->
  <system-out/>
  <testcase classname="driver.Driver" name="executeTestcase" time="0.063">
    <skipped/>
  </testcase> <!-- executeTestcase -->
  <system-out/>
  <testcase classname="driver.Driver" name="executeTestcase" time="0.056">
    <skipped/>
  </testcase> <!-- executeTestcase -->
  <system-out/>
  <testcase classname="driver.Driver" name="executeTestcase" time="0.067">
    <skipped/>
  </testcase> <!-- executeTestcase -->
  <system-out/>
  <testcase classname="driver.Driver" name="executeTestcase" time="0.054">
    <skipped/>
  </testcase> <!-- executeTestcase -->
  <system-out/>
  <testcase classname="driver.Driver" name="executeTestcase" time="0.059">
    <skipped/>
  </testcase> <!-- executeTestcase -->
  <system-out/>
  <testcase classname="driver.Driver" name="executeTestcase" time="0.068">
    <skipped/>
  </testcase> <!-- executeTestcase -->
  <system-out/>
  <testcase classname="driver.Driver" name="executeTestcase" time="0.077">
    <skipped/>
  </testcase> <!-- executeTestcase -->
  <system-out/>
  <testcase classname="driver.Driver" name="executeTestcase" time="0.081">
    <skipped/>
  </testcase> <!-- executeTestcase -->
  <system-out/>
  <testcase classname="driver.Driver" name="executeTestcase" time="0.062">
    <skipped/>
  </testcase> <!-- executeTestcase -->
  <system-out/>
  <testcase classname="driver.Driver" name="executeTestcase" time="0.069">
    <skipped/>
  </testcase> <!-- executeTestcase -->
  <system-out/>
  <testcase classname="driver.Driver" name="executeTestcase" time="0.117">
    <skipped/>
  </testcase> <!-- executeTestcase -->
  <system-out/>
  <testcase classname="driver.Driver" name="executeTestcase" time="0.127">
    <skipped/>
  </testcase> <!-- executeTestcase -->
  <system-out/>
  <testcase classname="driver.Driver" name="executeTestcase" time="0.057">
    <skipped/>
  </testcase> <!-- executeTestcase -->
  <system-out/>
  <testcase classname="driver.Driver" name="executeTestcase" time="0.066">
    <skipped/>
  </testcase> <!-- executeTestcase -->
  <system-out/>
  <testcase classname="driver.Driver" name="executeTestcase" time="0.053">
    <skipped/>
  </testcase> <!-- executeTestcase -->
  <system-out/>
  <testcase classname="driver.Driver" name="executeTestcase" time="0.061">
    <skipped/>
  </testcase> <!-- executeTestcase -->
  <system-out/>
  <testcase classname="driver.Driver" name="executeTestcase" time="0.317">
    <skipped/>
  </testcase> <!-- executeTestcase -->
  <system-out/>
  <testcase classname="driver.Driver" name="executeTestcase" time="0.099">
    <skipped/>
  </testcase> <!-- executeTestcase -->
  <system-out/>
  <testcase classname="driver.Driver" name="executeTestcase" time="0.070">
    <skipped/>
  </testcase> <!-- executeTestcase -->
  <system-out/>
  <testcase classname="driver.Driver" name="executeTestcase" time="0.108">
    <skipped/>
  </testcase> <!-- executeTestcase -->
  <system-out/>
  <testcase classname="driver.Driver" name="executeTestcase" time="0.076">
    <skipped/>
  </testcase> <!-- executeTestcase -->
  <system-out/>
  <testcase classname="driver.Driver" name="executeTestcase" time="0.055">
    <skipped/>
  </testcase> <!-- executeTestcase -->
  <system-out/>
  <testcase classname="driver.Driver" name="executeTestcase" time="0.082">
    <skipped/>
  </testcase> <!-- executeTestcase -->
  <system-out/>
  <testcase classname="driver.Driver" name="executeTestcase" time="0.087">
    <skipped/>
  </testcase> <!-- executeTestcase -->
  <system-out/>
  <testcase classname="driver.Driver" name="executeTestcase" time="0.060">
    <skipped/>
  </testcase> <!-- executeTestcase -->
  <system-out/>
  <testcase classname="driver.Driver" name="executeTestcase" time="0.064">
    <skipped/>
  </testcase> <!-- executeTestcase -->
  <system-out/>
  <testcase classname="driver.Driver" name="executeTestcase" time="0.065">
    <skipped/>
  </testcase> <!-- executeTestcase -->
  <system-out/>
  <testcase classname="driver.Driver" name="executeTestcase" time="0.057">
    <skipped/>
  </testcase> <!-- executeTestcase -->
  <system-out/>
  <testcase classname="driver.Driver" name="executeTestcase" time="0.052">
    <skipped/>
  </testcase> <!-- executeTestcase -->
  <system-out/>
  <testcase classname="driver.Driver" name="executeTestcase" time="0.061">
    <skipped/>
  </testcase> <!-- executeTestcase -->
  <system-out/>
  <testcase classname="driver.Driver" name="executeTestcase" time="0.051">
    <skipped/>
  </testcase> <!-- executeTestcase -->
  <system-out/>
  <testcase classname="driver.Driver" name="executeTestcase" time="0.061">
    <skipped/>
  </testcase> <!-- executeTestcase -->
  <system-out/>
  <testcase classname="driver.Driver" name="executeTestcase" time="0.081">
    <skipped/>
  </testcase> <!-- executeTestcase -->
  <system-out/>
  <testcase classname="driver.Driver" name="executeTestcase" time="87.976"/>
  <system-out/>
  <testcase classname="driver.Driver" name="executeTestcase" time="0.050">
    <skipped/>
  </testcase> <!-- executeTestcase -->
  <system-out/>
  <testcase classname="driver.Driver" name="executeTestcase" time="0.056">
    <skipped/>
  </testcase> <!-- executeTestcase -->
  <system-out/>
</testsuite> <!-- driver.Driver -->
