<?xml version="1.0" encoding="UTF-8"?>
<!-- Generated by org.testng.reporters.JUnitReportReporter -->
<testsuite hostname="Z3P4PUGAVS0029" failures="0" tests="40" name="driver.Driver" time="90.580" errors="0" timestamp="2021-02-11T13:51:00 IST" skipped="39">
  <testcase classname="driver.Driver" name="executeTestcase" time="0.054">
    <skipped/>
  </testcase> <!-- executeTestcase -->
  <system-out/>
  <testcase classname="driver.Driver" name="executeTestcase" time="0.059">
    <skipped/>
  </testcase> <!-- executeTestcase -->
  <system-out/>
  <testcase classname="driver.Driver" name="executeTestcase" time="0.077">
    <skipped/>
  </testcase> <!-- executeTestcase -->
  <system-out/>
  <testcase classname="driver.Driver" name="executeTestcase" time="0.081">
    <skipped/>
  </testcase> <!-- executeTestcase -->
  <system-out/>
  <testcase classname="driver.Driver" name="executeTestcase" time="0.064">
    <skipped/>
  </testcase> <!-- executeTestcase -->
  <system-out/>
  <testcase classname="driver.Driver" name="executeTestcase" time="0.088">
    <skipped/>
  </testcase> <!-- executeTestcase -->
  <system-out/>
  <testcase classname="driver.Driver" name="executeTestcase" time="0.091">
    <skipped/>
  </testcase> <!-- executeTestcase -->
  <system-out/>
  <testcase classname="driver.Driver" name="executeTestcase" time="0.082">
    <skipped/>
  </testcase> <!-- executeTestcase -->
  <system-out/>
  <testcase classname="driver.Driver" name="executeTestcase" time="0.059">
    <skipped/>
  </testcase> <!-- executeTestcase -->
  <system-out/>
  <testcase classname="driver.Driver" name="executeTestcase" time="0.307">
    <skipped/>
  </testcase> <!-- executeTestcase -->
  <system-out/>
  <testcase classname="driver.Driver" name="executeTestcase" time="0.075">
    <skipped/>
  </testcase> <!-- executeTestcase -->
  <system-out/>
  <testcase classname="driver.Driver" name="executeTestcase" time="0.071">
    <skipped/>
  </testcase> <!-- executeTestcase -->
  <system-out/>
  <testcase classname="driver.Driver" name="executeTestcase" time="0.059">
    <skipped/>
  </testcase> <!-- executeTestcase -->
  <system-out/>
  <testcase classname="driver.Driver" name="executeTestcase" time="0.068">
    <skipped/>
  </testcase> <!-- executeTestcase -->
  <system-out/>
  <testcase classname="driver.Driver" name="executeTestcase" time="0.118">
    <skipped/>
  </testcase> <!-- executeTestcase -->
  <system-out/>
  <testcase classname="driver.Driver" name="executeTestcase" time="0.060">
    <skipped/>
  </testcase> <!-- executeTestcase -->
  <system-out/>
  <testcase classname="driver.Driver" name="executeTestcase" time="0.067">
    <skipped/>
  </testcase> <!-- executeTestcase -->
  <system-out/>
  <testcase classname="driver.Driver" name="executeTestcase" time="0.052">
    <skipped/>
  </testcase> <!-- executeTestcase -->
  <system-out/>
  <testcase classname="driver.Driver" name="executeTestcase" time="0.072">
    <skipped/>
  </testcase> <!-- executeTestcase -->
  <system-out/>
  <testcase classname="driver.Driver" name="executeTestcase" time="87.353"/>
  <system-out/>
  <testcase classname="driver.Driver" name="executeTestcase" time="0.074">
    <skipped/>
  </testcase> <!-- executeTestcase -->
  <system-out/>
  <testcase classname="driver.Driver" name="executeTestcase" time="0.061">
    <skipped/>
  </testcase> <!-- executeTestcase -->
  <system-out/>
  <testcase classname="driver.Driver" name="executeTestcase" time="0.076">
    <skipped/>
  </testcase> <!-- executeTestcase -->
  <system-out/>
  <testcase classname="driver.Driver" name="executeTestcase" time="0.076">
    <skipped/>
  </testcase> <!-- executeTestcase -->
  <system-out/>
  <testcase classname="driver.Driver" name="executeTestcase" time="0.055">
    <skipped/>
  </testcase> <!-- executeTestcase -->
  <system-out/>
  <testcase classname="driver.Driver" name="executeTestcase" time="0.096">
    <skipped/>
  </testcase> <!-- executeTestcase -->
  <system-out/>
  <testcase classname="driver.Driver" name="executeTestcase" time="0.097">
    <skipped/>
  </testcase> <!-- executeTestcase -->
  <system-out/>
  <testcase classname="driver.Driver" name="executeTestcase" time="0.071">
    <skipped/>
  </testcase> <!-- executeTestcase -->
  <system-out/>
  <testcase classname="driver.Driver" name="executeTestcase" time="0.116">
    <skipped/>
  </testcase> <!-- executeTestcase -->
  <system-out/>
  <testcase classname="driver.Driver" name="executeTestcase" time="0.116">
    <skipped/>
  </testcase> <!-- executeTestcase -->
  <system-out/>
  <testcase classname="driver.Driver" name="executeTestcase" time="0.055">
    <skipped/>
  </testcase> <!-- executeTestcase -->
  <system-out/>
  <testcase classname="driver.Driver" name="executeTestcase" time="0.099">
    <skipped/>
  </testcase> <!-- executeTestcase -->
  <system-out/>
  <testcase classname="driver.Driver" name="executeTestcase" time="0.077">
    <skipped/>
  </testcase> <!-- executeTestcase -->
  <system-out/>
  <testcase classname="driver.Driver" name="executeTestcase" time="0.051">
    <skipped/>
  </testcase> <!-- executeTestcase -->
  <system-out/>
  <testcase classname="driver.Driver" name="executeTestcase" time="0.115">
    <skipped/>
  </testcase> <!-- executeTestcase -->
  <system-out/>
  <testcase classname="driver.Driver" name="executeTestcase" time="0.103">
    <skipped/>
  </testcase> <!-- executeTestcase -->
  <system-out/>
  <testcase classname="driver.Driver" name="executeTestcase" time="0.073">
    <skipped/>
  </testcase> <!-- executeTestcase -->
  <system-out/>
  <testcase classname="driver.Driver" name="executeTestcase" time="0.061">
    <skipped/>
  </testcase> <!-- executeTestcase -->
  <system-out/>
  <testcase classname="driver.Driver" name="executeTestcase" time="0.057">
    <skipped/>
  </testcase> <!-- executeTestcase -->
  <system-out/>
  <testcase classname="driver.Driver" name="executeTestcase" time="0.094">
    <skipped/>
  </testcase> <!-- executeTestcase -->
  <system-out/>
</testsuite> <!-- driver.Driver -->
