<?xml version="1.0" encoding="UTF-8"?>
<!-- Generated by org.testng.reporters.JUnitReportReporter -->
<testsuite hostname="Z3P4PUGAVS0029" failures="0" tests="50" name="driver.Driver" time="77.413" errors="0" timestamp="2021-03-10T21:33:40 IST" skipped="49">
  <testcase classname="driver.Driver" name="executeTestcase" time="0.090">
    <skipped/>
  </testcase> <!-- executeTestcase -->
  <system-out/>
  <testcase classname="driver.Driver" name="executeTestcase" time="0.083">
    <skipped/>
  </testcase> <!-- executeTestcase -->
  <system-out/>
  <testcase classname="driver.Driver" name="executeTestcase" time="0.086">
    <skipped/>
  </testcase> <!-- executeTestcase -->
  <system-out/>
  <testcase classname="driver.Driver" name="executeTestcase" time="0.078">
    <skipped/>
  </testcase> <!-- executeTestcase -->
  <system-out/>
  <testcase classname="driver.Driver" name="executeTestcase" time="0.096">
    <skipped/>
  </testcase> <!-- executeTestcase -->
  <system-out/>
  <testcase classname="driver.Driver" name="executeTestcase" time="0.127">
    <skipped/>
  </testcase> <!-- executeTestcase -->
  <system-out/>
  <testcase classname="driver.Driver" name="executeTestcase" time="0.106">
    <skipped/>
  </testcase> <!-- executeTestcase -->
  <system-out/>
  <testcase classname="driver.Driver" name="executeTestcase" time="0.085">
    <skipped/>
  </testcase> <!-- executeTestcase -->
  <system-out/>
  <testcase classname="driver.Driver" name="executeTestcase" time="0.092">
    <skipped/>
  </testcase> <!-- executeTestcase -->
  <system-out/>
  <testcase classname="driver.Driver" name="executeTestcase" time="0.110">
    <skipped/>
  </testcase> <!-- executeTestcase -->
  <system-out/>
  <testcase classname="driver.Driver" name="executeTestcase" time="0.100">
    <skipped/>
  </testcase> <!-- executeTestcase -->
  <system-out/>
  <testcase classname="driver.Driver" name="executeTestcase" time="0.114">
    <skipped/>
  </testcase> <!-- executeTestcase -->
  <system-out/>
  <testcase classname="driver.Driver" name="executeTestcase" time="0.129">
    <skipped/>
  </testcase> <!-- executeTestcase -->
  <system-out/>
  <testcase classname="driver.Driver" name="executeTestcase" time="0.088">
    <skipped/>
  </testcase> <!-- executeTestcase -->
  <system-out/>
  <testcase classname="driver.Driver" name="executeTestcase" time="0.122">
    <skipped/>
  </testcase> <!-- executeTestcase -->
  <system-out/>
  <testcase classname="driver.Driver" name="executeTestcase" time="0.093">
    <skipped/>
  </testcase> <!-- executeTestcase -->
  <system-out/>
  <testcase classname="driver.Driver" name="executeTestcase" time="0.090">
    <skipped/>
  </testcase> <!-- executeTestcase -->
  <system-out/>
  <testcase classname="driver.Driver" name="executeTestcase" time="0.071">
    <skipped/>
  </testcase> <!-- executeTestcase -->
  <system-out/>
  <testcase classname="driver.Driver" name="executeTestcase" time="0.123">
    <skipped/>
  </testcase> <!-- executeTestcase -->
  <system-out/>
  <testcase classname="driver.Driver" name="executeTestcase" time="0.104">
    <skipped/>
  </testcase> <!-- executeTestcase -->
  <system-out/>
  <testcase classname="driver.Driver" name="executeTestcase" time="0.088">
    <skipped/>
  </testcase> <!-- executeTestcase -->
  <system-out/>
  <testcase classname="driver.Driver" name="executeTestcase" time="0.184">
    <skipped/>
  </testcase> <!-- executeTestcase -->
  <system-out/>
  <testcase classname="driver.Driver" name="executeTestcase" time="0.433">
    <skipped/>
  </testcase> <!-- executeTestcase -->
  <system-out/>
  <testcase classname="driver.Driver" name="executeTestcase" time="0.099">
    <skipped/>
  </testcase> <!-- executeTestcase -->
  <system-out/>
  <testcase classname="driver.Driver" name="executeTestcase" time="0.074">
    <skipped/>
  </testcase> <!-- executeTestcase -->
  <system-out/>
  <testcase classname="driver.Driver" name="executeTestcase" time="0.093">
    <skipped/>
  </testcase> <!-- executeTestcase -->
  <system-out/>
  <testcase classname="driver.Driver" name="executeTestcase" time="0.109">
    <skipped/>
  </testcase> <!-- executeTestcase -->
  <system-out/>
  <testcase classname="driver.Driver" name="executeTestcase" time="0.080">
    <skipped/>
  </testcase> <!-- executeTestcase -->
  <system-out/>
  <testcase classname="driver.Driver" name="executeTestcase" time="0.102">
    <skipped/>
  </testcase> <!-- executeTestcase -->
  <system-out/>
  <testcase classname="driver.Driver" name="executeTestcase" time="0.079">
    <skipped/>
  </testcase> <!-- executeTestcase -->
  <system-out/>
  <testcase classname="driver.Driver" name="executeTestcase" time="0.080">
    <skipped/>
  </testcase> <!-- executeTestcase -->
  <system-out/>
  <testcase classname="driver.Driver" name="executeTestcase" time="0.094">
    <skipped/>
  </testcase> <!-- executeTestcase -->
  <system-out/>
  <testcase classname="driver.Driver" name="executeTestcase" time="0.091">
    <skipped/>
  </testcase> <!-- executeTestcase -->
  <system-out/>
  <testcase classname="driver.Driver" name="executeTestcase" time="0.081">
    <skipped/>
  </testcase> <!-- executeTestcase -->
  <system-out/>
  <testcase classname="driver.Driver" name="executeTestcase" time="0.103">
    <skipped/>
  </testcase> <!-- executeTestcase -->
  <system-out/>
  <testcase classname="driver.Driver" name="executeTestcase" time="0.073">
    <skipped/>
  </testcase> <!-- executeTestcase -->
  <system-out/>
  <testcase classname="driver.Driver" name="executeTestcase" time="0.084">
    <skipped/>
  </testcase> <!-- executeTestcase -->
  <system-out/>
  <testcase classname="driver.Driver" name="executeTestcase" time="0.093">
    <skipped/>
  </testcase> <!-- executeTestcase -->
  <system-out/>
  <testcase classname="driver.Driver" name="executeTestcase" time="0.075">
    <skipped/>
  </testcase> <!-- executeTestcase -->
  <system-out/>
  <testcase classname="driver.Driver" name="executeTestcase" time="0.112">
    <skipped/>
  </testcase> <!-- executeTestcase -->
  <system-out/>
  <testcase classname="driver.Driver" name="executeTestcase" time="0.177">
    <skipped/>
  </testcase> <!-- executeTestcase -->
  <system-out/>
  <testcase classname="driver.Driver" name="executeTestcase" time="0.080">
    <skipped/>
  </testcase> <!-- executeTestcase -->
  <system-out/>
  <testcase classname="driver.Driver" name="executeTestcase" time="72.217"/>
  <system-out/>
  <testcase classname="driver.Driver" name="executeTestcase" time="0.080">
    <skipped/>
  </testcase> <!-- executeTestcase -->
  <system-out/>
  <testcase classname="driver.Driver" name="executeTestcase" time="0.155">
    <skipped/>
  </testcase> <!-- executeTestcase -->
  <system-out/>
  <testcase classname="driver.Driver" name="executeTestcase" time="0.082">
    <skipped/>
  </testcase> <!-- executeTestcase -->
  <system-out/>
  <testcase classname="driver.Driver" name="executeTestcase" time="0.096">
    <skipped/>
  </testcase> <!-- executeTestcase -->
  <system-out/>
  <testcase classname="driver.Driver" name="executeTestcase" time="0.088">
    <skipped/>
  </testcase> <!-- executeTestcase -->
  <system-out/>
  <testcase classname="driver.Driver" name="executeTestcase" time="0.136">
    <skipped/>
  </testcase> <!-- executeTestcase -->
  <system-out/>
  <testcase classname="driver.Driver" name="executeTestcase" time="0.088">
    <skipped/>
  </testcase> <!-- executeTestcase -->
  <system-out/>
</testsuite> <!-- driver.Driver -->
