<?xml version="1.0" encoding="UTF-8"?>
<!-- Generated by org.testng.reporters.JUnitReportReporter -->
<testsuite hostname="Z3P4PUGAVS0080" failures="0" tests="52" name="driver.Driver" time="332.250" errors="0" timestamp="2021-08-05T14:55:48 IST" skipped="51">
  <testcase classname="driver.Driver" name="executeTestcase" time="0.068">
    <skipped/>
  </testcase> <!-- executeTestcase -->
  <system-out/>
  <testcase classname="driver.Driver" name="executeTestcase" time="0.078">
    <skipped/>
  </testcase> <!-- executeTestcase -->
  <system-out/>
  <testcase classname="driver.Driver" name="executeTestcase" time="0.074">
    <skipped/>
  </testcase> <!-- executeTestcase -->
  <system-out/>
  <testcase classname="driver.Driver" name="executeTestcase" time="0.082">
    <skipped/>
  </testcase> <!-- executeTestcase -->
  <system-out/>
  <testcase classname="driver.Driver" name="executeTestcase" time="0.071">
    <skipped/>
  </testcase> <!-- executeTestcase -->
  <system-out/>
  <testcase classname="driver.Driver" name="executeTestcase" time="0.071">
    <skipped/>
  </testcase> <!-- executeTestcase -->
  <system-out/>
  <testcase classname="driver.Driver" name="executeTestcase" time="0.074">
    <skipped/>
  </testcase> <!-- executeTestcase -->
  <system-out/>
  <testcase classname="driver.Driver" name="executeTestcase" time="0.061">
    <skipped/>
  </testcase> <!-- executeTestcase -->
  <system-out/>
  <testcase classname="driver.Driver" name="executeTestcase" time="0.066">
    <skipped/>
  </testcase> <!-- executeTestcase -->
  <system-out/>
  <testcase classname="driver.Driver" name="executeTestcase" time="0.113">
    <skipped/>
  </testcase> <!-- executeTestcase -->
  <system-out/>
  <testcase classname="driver.Driver" name="executeTestcase" time="0.078">
    <skipped/>
  </testcase> <!-- executeTestcase -->
  <system-out/>
  <testcase classname="driver.Driver" name="executeTestcase" time="0.075">
    <skipped/>
  </testcase> <!-- executeTestcase -->
  <system-out/>
  <testcase classname="driver.Driver" name="executeTestcase" time="0.068">
    <skipped/>
  </testcase> <!-- executeTestcase -->
  <system-out/>
  <testcase classname="driver.Driver" name="executeTestcase" time="0.094">
    <skipped/>
  </testcase> <!-- executeTestcase -->
  <system-out/>
  <testcase classname="driver.Driver" name="executeTestcase" time="0.094">
    <skipped/>
  </testcase> <!-- executeTestcase -->
  <system-out/>
  <testcase classname="driver.Driver" name="executeTestcase" time="0.075">
    <skipped/>
  </testcase> <!-- executeTestcase -->
  <system-out/>
  <testcase classname="driver.Driver" name="executeTestcase" time="0.089">
    <skipped/>
  </testcase> <!-- executeTestcase -->
  <system-out/>
  <testcase classname="driver.Driver" name="executeTestcase" time="0.112">
    <skipped/>
  </testcase> <!-- executeTestcase -->
  <system-out/>
  <testcase classname="driver.Driver" name="executeTestcase" time="0.074">
    <skipped/>
  </testcase> <!-- executeTestcase -->
  <system-out/>
  <testcase classname="driver.Driver" name="executeTestcase" time="0.080">
    <skipped/>
  </testcase> <!-- executeTestcase -->
  <system-out/>
  <testcase classname="driver.Driver" name="executeTestcase" time="0.072">
    <skipped/>
  </testcase> <!-- executeTestcase -->
  <system-out/>
  <testcase classname="driver.Driver" name="executeTestcase" time="0.065">
    <skipped/>
  </testcase> <!-- executeTestcase -->
  <system-out/>
  <testcase classname="driver.Driver" name="executeTestcase" time="0.083">
    <skipped/>
  </testcase> <!-- executeTestcase -->
  <system-out/>
  <testcase classname="driver.Driver" name="executeTestcase" time="0.067">
    <skipped/>
  </testcase> <!-- executeTestcase -->
  <system-out/>
  <testcase classname="driver.Driver" name="executeTestcase" time="0.072">
    <skipped/>
  </testcase> <!-- executeTestcase -->
  <system-out/>
  <testcase classname="driver.Driver" name="executeTestcase" time="0.081">
    <skipped/>
  </testcase> <!-- executeTestcase -->
  <system-out/>
  <testcase classname="driver.Driver" name="executeTestcase" time="0.072">
    <skipped/>
  </testcase> <!-- executeTestcase -->
  <system-out/>
  <testcase classname="driver.Driver" name="executeTestcase" time="0.072">
    <skipped/>
  </testcase> <!-- executeTestcase -->
  <system-out/>
  <testcase classname="driver.Driver" name="executeTestcase" time="327.916"/>
  <system-out/>
  <testcase classname="driver.Driver" name="executeTestcase" time="0.076">
    <skipped/>
  </testcase> <!-- executeTestcase -->
  <system-out/>
  <testcase classname="driver.Driver" name="executeTestcase" time="0.071">
    <skipped/>
  </testcase> <!-- executeTestcase -->
  <system-out/>
  <testcase classname="driver.Driver" name="executeTestcase" time="0.080">
    <skipped/>
  </testcase> <!-- executeTestcase -->
  <system-out/>
  <testcase classname="driver.Driver" name="executeTestcase" time="0.120">
    <skipped/>
  </testcase> <!-- executeTestcase -->
  <system-out/>
  <testcase classname="driver.Driver" name="executeTestcase" time="0.083">
    <skipped/>
  </testcase> <!-- executeTestcase -->
  <system-out/>
  <testcase classname="driver.Driver" name="executeTestcase" time="0.090">
    <skipped/>
  </testcase> <!-- executeTestcase -->
  <system-out/>
  <testcase classname="driver.Driver" name="executeTestcase" time="0.091">
    <skipped/>
  </testcase> <!-- executeTestcase -->
  <system-out/>
  <testcase classname="driver.Driver" name="executeTestcase" time="0.122">
    <skipped/>
  </testcase> <!-- executeTestcase -->
  <system-out/>
  <testcase classname="driver.Driver" name="executeTestcase" time="0.073">
    <skipped/>
  </testcase> <!-- executeTestcase -->
  <system-out/>
  <testcase classname="driver.Driver" name="executeTestcase" time="0.070">
    <skipped/>
  </testcase> <!-- executeTestcase -->
  <system-out/>
  <testcase classname="driver.Driver" name="executeTestcase" time="0.081">
    <skipped/>
  </testcase> <!-- executeTestcase -->
  <system-out/>
  <testcase classname="driver.Driver" name="executeTestcase" time="0.070">
    <skipped/>
  </testcase> <!-- executeTestcase -->
  <system-out/>
  <testcase classname="driver.Driver" name="executeTestcase" time="0.067">
    <skipped/>
  </testcase> <!-- executeTestcase -->
  <system-out/>
  <testcase classname="driver.Driver" name="executeTestcase" time="0.081">
    <skipped/>
  </testcase> <!-- executeTestcase -->
  <system-out/>
  <testcase classname="driver.Driver" name="executeTestcase" time="0.079">
    <skipped/>
  </testcase> <!-- executeTestcase -->
  <system-out/>
  <testcase classname="driver.Driver" name="executeTestcase" time="0.071">
    <skipped/>
  </testcase> <!-- executeTestcase -->
  <system-out/>
  <testcase classname="driver.Driver" name="executeTestcase" time="0.099">
    <skipped/>
  </testcase> <!-- executeTestcase -->
  <system-out/>
  <testcase classname="driver.Driver" name="executeTestcase" time="0.317">
    <skipped/>
  </testcase> <!-- executeTestcase -->
  <system-out/>
  <testcase classname="driver.Driver" name="executeTestcase" time="0.081">
    <skipped/>
  </testcase> <!-- executeTestcase -->
  <system-out/>
  <testcase classname="driver.Driver" name="executeTestcase" time="0.069">
    <skipped/>
  </testcase> <!-- executeTestcase -->
  <system-out/>
  <testcase classname="driver.Driver" name="executeTestcase" time="0.071">
    <skipped/>
  </testcase> <!-- executeTestcase -->
  <system-out/>
  <testcase classname="driver.Driver" name="executeTestcase" time="0.121">
    <skipped/>
  </testcase> <!-- executeTestcase -->
  <system-out/>
  <testcase classname="driver.Driver" name="executeTestcase" time="0.070">
    <skipped/>
  </testcase> <!-- executeTestcase -->
  <system-out/>
</testsuite> <!-- driver.Driver -->
