<?xml version="1.0" encoding="UTF-8"?>
<!-- Generated by org.testng.reporters.JUnitReportReporter -->
<testsuite skipped="0" hostname="Z3P3PUGAVS0027" name="testcases.Member.TestCase_1241" tests="1" failures="0" timestamp="18 Nov 2020 10:28:48 GMT" time="103.054" errors="0">
  <testcase name="createMemberTP" time="103.054" classname="testcases.Member.TestCase_1241"/>
</testsuite> <!-- testcases.Member.TestCase_1241 -->
