<?xml version="1.0" encoding="UTF-8"?>
<!-- Generated by org.testng.reporters.JUnitReportReporter -->
<testsuite skipped="0" hostname="Z3GAVSP1PU0041" name="testcases.Login" tests="2" failures="0" timestamp="2020-06-30T21:24:08 IST" time="49.899" errors="0">
  <testcase name="login" time="24.320" classname="testcases.Login"/>
  <system-out/>
  <testcase name="login" time="25.579" classname="testcases.Login"/>
  <system-out/>
</testsuite> <!-- testcases.Login -->
