<?xml version="1.0" encoding="UTF-8"?>
<!-- Generated by org.testng.reporters.JUnitReportReporter -->
<testsuite skipped="0" hostname="Z3GAVSP1PU0041" name="base.PreAndPost" tests="1" failures="0" timestamp="2020-06-01T12:06:33 IST" time="0.010" errors="0">
  <testcase name="method1" time="0.010" classname="base.PreAndPost"/>
  <system-out/>
</testsuite> <!-- base.PreAndPost -->
