<?xml version="1.0" encoding="UTF-8"?>
<!-- Generated by org.testng.reporters.JUnitReportReporter -->
<testsuite skipped="0" hostname="Z3GAVSP1PU0041" name="practice.GlnLogic" tests="1" failures="0" timestamp="2020-05-18T11:59:20 IST" time="0.016" errors="0">
  <testcase name="inputNumber" time="0.016" classname="practice.GlnLogic"/>
  <system-out/>
</testsuite> <!-- practice.GlnLogic -->
