<?xml version="1.0" encoding="UTF-8"?>
<!-- Generated by org.testng.reporters.JUnitReportReporter -->
<testsuite skipped="0" hostname="Z3GAVSP1PU0041" name="testcases.Login.TC001_Login" tests="4" failures="0" timestamp="2020-07-27T13:15:16 IST" time="140.754" errors="1">
  <testcase name="login" time="35.955" classname="testcases.Login.TC001_Login"/>
  <system-out/>
  <testcase name="login" time="34.823" classname="testcases.Login.TC001_Login">
    <error type="java.lang.RuntimeException">
      <![CDATA[java.lang.RuntimeException
at utils.HTMLReporter.reportStep(HTMLReporter.java:82)
at utils.HTMLReporter.reportStep(HTMLReporter.java:91)
at services.WebDriverServiceImpl.click(WebDriverServiceImpl.java:103)
at pages.DashboardPage.clickUserIcon(DashboardPage.java:25)
at testcases.Login.TC001_Login.login(TC001_Login.java:41)
at sun.reflect.NativeMethodAccessorImpl.invoke0(Native Method)
at sun.reflect.NativeMethodAccessorImpl.invoke(Unknown Source)
at sun.reflect.DelegatingMethodAccessorImpl.invoke(Unknown Source)
at java.lang.reflect.Method.invoke(Unknown Source)
at org.testng.internal.MethodInvocationHelper.invokeMethod(MethodInvocationHelper.java:135)
at org.testng.internal.TestInvoker.invokeMethod(TestInvoker.java:598)
at org.testng.internal.TestInvoker.invokeTestMethod(TestInvoker.java:174)
at org.testng.internal.TestMethodWithDataProviderMethodWorker.call(TestMethodWithDataProviderMethodWorker.java:77)
at org.testng.internal.TestMethodWithDataProviderMethodWorker.call(TestMethodWithDataProviderMethodWorker.java:15)
at java.util.concurrent.FutureTask.run(Unknown Source)
at java.util.concurrent.Executors$RunnableAdapter.call(Unknown Source)
at java.util.concurrent.FutureTask.run(Unknown Source)
at java.util.concurrent.ThreadPoolExecutor.runWorker(Unknown Source)
at java.util.concurrent.ThreadPoolExecutor$Worker.run(Unknown Source)
at java.lang.Thread.run(Unknown Source)
]]>
    </error>
  </testcase> <!-- login -->
  <system-out/>
  <testcase name="login" time="34.167" classname="testcases.Login.TC001_Login"/>
  <system-out/>
  <testcase name="login" time="35.809" classname="testcases.Login.TC001_Login"/>
  <system-out/>
</testsuite> <!-- testcases.Login.TC001_Login -->
