<?xml version="1.0" encoding="UTF-8"?>
<!-- Generated by org.testng.reporters.JUnitReportReporter -->
<testsuite skipped="0" hostname="Z3GAVSP1PU0041" name="testcases.TC001_Login" tests="4" failures="0" timestamp="2020-06-30T23:22:19 IST" time="114.910" errors="0">
  <testcase name="login" time="28.497" classname="testcases.TC001_Login"/>
  <system-out/>
  <testcase name="login" time="28.351" classname="testcases.TC001_Login"/>
  <system-out/>
  <testcase name="login" time="29.242" classname="testcases.TC001_Login"/>
  <system-out/>
  <testcase name="login" time="28.820" classname="testcases.TC001_Login"/>
  <system-out/>
</testsuite> <!-- testcases.TC001_Login -->
