<?xml version="1.0" encoding="UTF-8"?>
<!-- Generated by org.testng.reporters.JUnitReportReporter -->
<testsuite skipped="0" hostname="Z3GAVSP1PU0041" name="testcases.Supplier.TestCase_5921" tests="1" failures="0" timestamp="2020-08-04T20:58:08 IST" time="85.086" errors="1">
  <testcase name="createSupplierTP" time="85.086" classname="testcases.Supplier.TestCase_5921">
    <error type="java.lang.RuntimeException">
      <![CDATA[java.lang.RuntimeException
at utils.HTMLReporter.reportStep(HTMLReporter.java:82)
at utils.HTMLReporter.reportStep(HTMLReporter.java:91)
at services.WebDriverServiceImpl.type(WebDriverServiceImpl.java:60)
at pages.SupplierForm.typeStreet1(SupplierForm.java:80)
at testcases.Supplier.TestCase_5921.createSupplierTP(TestCase_5921.java:49)
at sun.reflect.NativeMethodAccessorImpl.invoke0(Native Method)
at sun.reflect.NativeMethodAccessorImpl.invoke(Unknown Source)
at sun.reflect.DelegatingMethodAccessorImpl.invoke(Unknown Source)
at java.lang.reflect.Method.invoke(Unknown Source)
at org.testng.internal.MethodInvocationHelper.invokeMethod(MethodInvocationHelper.java:135)
at org.testng.internal.TestInvoker.invokeMethod(TestInvoker.java:598)
at org.testng.internal.TestInvoker.invokeTestMethod(TestInvoker.java:174)
at org.testng.internal.MethodRunner.runInSequence(MethodRunner.java:46)
at org.testng.internal.TestInvoker$MethodInvocationAgent.invoke(TestInvoker.java:821)
at org.testng.internal.TestInvoker.invokeTestMethods(TestInvoker.java:147)
at org.testng.internal.TestMethodWorker.invokeTestMethods(TestMethodWorker.java:146)
at org.testng.internal.TestMethodWorker.run(TestMethodWorker.java:128)
at java.util.concurrent.ThreadPoolExecutor.runWorker(Unknown Source)
at java.util.concurrent.ThreadPoolExecutor$Worker.run(Unknown Source)
at java.lang.Thread.run(Unknown Source)
]]>
    </error>
  </testcase> <!-- createSupplierTP -->
  <system-out/>
</testsuite> <!-- testcases.Supplier.TestCase_5921 -->
