<?xml version="1.0" encoding="UTF-8"?>
<!-- Generated by org.testng.reporters.JUnitReportReporter -->
<testsuite skipped="0" hostname="Z3GAVSP1PU0041" name="testcases.Supplier.CreateSupplier_TP_5921" tests="1" failures="0" timestamp="2020-07-27T13:13:43 IST" time="61.021" errors="0">
  <testcase name="createSupplierTP" time="61.021" classname="testcases.Supplier.CreateSupplier_TP_5921"/>
  <system-out/>
</testsuite> <!-- testcases.Supplier.CreateSupplier_TP_5921 -->
