<?xml version="1.0" encoding="UTF-8"?>
<!-- Generated by org.testng.reporters.JUnitReportReporter -->
<testsuite skipped="0" hostname="Z3GAVSP1PU0041" name="testcases.WorkPlaceMenu" tests="2" failures="0" timestamp="2020-06-16T21:52:31 IST" time="65.449" errors="0">
  <testcase name="login" time="32.559" classname="testcases.WorkPlaceMenu"/>
  <system-out/>
  <testcase name="login" time="32.890" classname="testcases.WorkPlaceMenu"/>
  <system-out/>
</testsuite> <!-- testcases.WorkPlaceMenu -->
